[2026-04-08 21:54:31] START automation:batch

> yohan-os@0.1.0 automation:batch
> tsx scripts/automation-batch.ts

[Yohan OS][batch] done: scanned=0 processed=0 skipped=0 review=0 failed=0
[2026-04-08 21:54:35] DONE automation:batch
[2026-04-08 22:00:01] START automation:batch

> yohan-os@0.1.0 automation:batch
> tsx scripts/automation-batch.ts

[Yohan OS][batch] done: scanned=0 processed=0 skipped=0 review=0 failed=0
[2026-04-08 22:00:04] DONE automation:batch
[2026-04-08 22:12:43] START automation:batch

> yohan-os@0.1.0 automation:batch
> tsx scripts/automation-batch.ts

[Yohan OS][batch] done: scanned=0 processed=0 skipped=0 review=0 failed=0
[2026-04-08 22:12:46] DONE automation:batch
[2026-04-08 22:30:01] START automation:batch

> yohan-os@0.1.0 automation:batch
> tsx scripts/automation-batch.ts

[Yohan OS][batch] done: scanned=0 processed=0 skipped=0 review=0 failed=0
[2026-04-08 22:30:04] DONE automation:batch
[2026-04-08 23:00:01] START automation:batch

> yohan-os@0.1.0 automation:batch
> tsx scripts/automation-batch.ts

[Yohan OS][batch] done: scanned=1 processed=0 skipped=1 review=0 failed=0
[2026-04-08 23:00:04] DONE automation:batch
[2026-04-08 23:30:01] START automation:batch

> yohan-os@0.1.0 automation:batch
> tsx scripts/automation-batch.ts

[Yohan OS][batch] done: scanned=1 processed=0 skipped=1 review=0 failed=0
[2026-04-08 23:30:03] DONE automation:batch
[2026-04-09 00:00:02] START automation:batch

> yohan-os@0.1.0 automation:batch
> tsx scripts/automation-batch.ts

[Yohan OS][batch] done: scanned=1 processed=0 skipped=1 review=0 failed=0
[2026-04-09 00:00:04] DONE automation:batch
[2026-04-09 00:30:02] START automation:batch

> yohan-os@0.1.0 automation:batch
> tsx scripts/automation-batch.ts

[Yohan OS][batch] done: scanned=1 processed=0 skipped=1 review=0 failed=0
[2026-04-09 00:30:04] DONE automation:batch
[2026-04-09 01:00:02] START automation:batch

> yohan-os@0.1.0 automation:batch
> tsx scripts/automation-batch.ts

[Yohan OS][batch] ?꾨즺: ?ㅼ틪=1 泥섎━=0 ?ㅽ궢=1 寃??0 ?ㅽ뙣=0
[2026-04-09 01:00:04] DONE automation:batch
[2026-04-09 01:30:02] START automation:batch

> yohan-os@0.1.0 automation:batch
> tsx scripts/automation-batch.ts

[Yohan OS][batch] ?꾨즺: ?ㅼ틪=1 泥섎━=0 ?ㅽ궢=1 寃??0 ?ㅽ뙣=0
[2026-04-09 01:30:04] DONE automation:batch
[2026-04-09 02:00:02] START automation:batch

> yohan-os@0.1.0 automation:batch
> tsx scripts/automation-batch.ts

[Yohan OS][batch] ?꾨즺: ?ㅼ틪=1 泥섎━=0 ?ㅽ궢=1 寃??0 ?ㅽ뙣=0
[2026-04-09 02:00:04] DONE automation:batch
[2026-04-09 02:30:02] START automation:batch

> yohan-os@0.1.0 automation:batch
> tsx scripts/automation-batch.ts

[Yohan OS][batch] ?꾨즺: ?ㅼ틪=1 泥섎━=0 ?ㅽ궢=1 寃??0 ?ㅽ뙣=0
[2026-04-09 02:30:04] DONE automation:batch
[2026-04-09 03:00:02] START automation:batch

> yohan-os@0.1.0 automation:batch
> tsx scripts/automation-batch.ts

[Yohan OS][batch] ?꾨즺: ?ㅼ틪=1 泥섎━=0 ?ㅽ궢=1 寃??0 ?ㅽ뙣=0
[2026-04-09 03:00:05] DONE automation:batch
[2026-04-09 08:26:42] START automation:batch

> yohan-os@0.1.0 automation:batch
> tsx scripts/automation-batch.ts

[Yohan OS][batch] ?꾨즺: ?ㅼ틪=1 泥섎━=0 ?ㅽ궢=1 寃??0 ?ㅽ뙣=0
[2026-04-09 08:26:46] DONE automation:batch
[2026-04-09 08:30:02] START automation:batch

> yohan-os@0.1.0 automation:batch
> tsx scripts/automation-batch.ts

[Yohan OS][batch] ?꾨즺: ?ㅼ틪=1 泥섎━=0 ?ㅽ궢=1 寃??0 ?ㅽ뙣=0
[2026-04-09 08:30:04] DONE automation:batch
[2026-04-09 09:00:02] START automation:batch

> yohan-os@0.1.0 automation:batch
> tsx scripts/automation-batch.ts

[Yohan OS][batch] ?꾨즺: ?ㅼ틪=1 泥섎━=0 ?ㅽ궢=1 寃??0 ?ㅽ뙣=0
[2026-04-09 09:00:04] DONE automation:batch
[2026-04-09 09:30:02] START automation:batch

> yohan-os@0.1.0 automation:batch
> tsx scripts/automation-batch.ts

[Yohan OS][batch] ?꾨즺: ?ㅼ틪=1 泥섎━=0 ?ㅽ궢=1 寃??0 ?ㅽ뙣=0
[2026-04-09 09:30:04] DONE automation:batch
[2026-04-09 10:00:02] START automation:batch

> yohan-os@0.1.0 automation:batch
> tsx scripts/automation-batch.ts

[Yohan OS][batch] ?꾨즺: ?ㅼ틪=1 泥섎━=0 ?ㅽ궢=1 寃??0 ?ㅽ뙣=0
[2026-04-09 10:00:04] DONE automation:batch
[2026-04-09 10:30:02] START automation:batch

> yohan-os@0.1.0 automation:batch
> tsx scripts/automation-batch.ts

[Yohan OS][batch] ?꾨즺: ?ㅼ틪=1 泥섎━=0 ?ㅽ궢=1 寃??0 ?ㅽ뙣=0
[2026-04-09 10:30:04] DONE automation:batch
[2026-04-09 11:00:02] START automation:batch

> yohan-os@0.1.0 automation:batch
> tsx scripts/automation-batch.ts

[Yohan OS][batch] ?꾨즺: ?ㅼ틪=1 泥섎━=0 ?ㅽ궢=1 寃??0 ?ㅽ뙣=0
[2026-04-09 11:00:04] DONE automation:batch
[2026-04-09 11:30:02] START automation:batch

> yohan-os@0.1.0 automation:batch
> tsx scripts/automation-batch.ts

[Yohan OS][batch] ?꾨즺: ?ㅼ틪=1 泥섎━=0 ?ㅽ궢=1 寃??0 ?ㅽ뙣=0
[2026-04-09 11:30:04] DONE automation:batch
[2026-04-09 12:00:02] START automation:batch

> yohan-os@0.1.0 automation:batch
> tsx scripts/automation-batch.ts

[Yohan OS][batch] ?꾨즺: ?ㅼ틪=1 泥섎━=0 ?ㅽ궢=1 寃??0 ?ㅽ뙣=0
[2026-04-09 12:00:04] DONE automation:batch
[2026-04-09 12:30:02] START automation:batch

> yohan-os@0.1.0 automation:batch
> tsx scripts/automation-batch.ts

[Yohan OS][batch] ?꾨즺: ?ㅼ틪=1 泥섎━=0 ?ㅽ궢=1 寃??0 ?ㅽ뙣=0
[2026-04-09 12:30:04] DONE automation:batch
[2026-04-09 13:00:02] START automation:batch

> yohan-os@0.1.0 automation:batch
> tsx scripts/automation-batch.ts

[Yohan OS][batch] ?꾨즺: ?ㅼ틪=1 泥섎━=0 ?ㅽ궢=1 寃??0 ?ㅽ뙣=0
[2026-04-09 13:00:04] DONE automation:batch
[2026-04-09 13:30:02] START automation:batch

> yohan-os@0.1.0 automation:batch
> tsx scripts/automation-batch.ts

[Yohan OS][batch] ?꾨즺: ?ㅼ틪=1 泥섎━=0 ?ㅽ궢=1 寃??0 ?ㅽ뙣=0
[2026-04-09 13:30:04] DONE automation:batch
[2026-04-09 14:00:02] START automation:batch

> yohan-os@0.1.0 automation:batch
> tsx scripts/automation-batch.ts

[Yohan OS][batch] ?꾨즺: ?ㅼ틪=1 泥섎━=0 ?ㅽ궢=1 寃??0 ?ㅽ뙣=0
[2026-04-09 14:00:04] DONE automation:batch
[2026-04-09 14:30:02] START automation:batch

> yohan-os@0.1.0 automation:batch
> tsx scripts/automation-batch.ts

[Yohan OS][batch] ?꾨즺: ?ㅼ틪=1 泥섎━=0 ?ㅽ궢=1 寃??0 ?ㅽ뙣=0
[2026-04-09 14:30:04] DONE automation:batch
[2026-04-09 15:00:02] START automation:batch

> yohan-os@0.1.0 automation:batch
> tsx scripts/automation-batch.ts

[Yohan OS][batch] ?꾨즺: ?ㅼ틪=1 泥섎━=0 ?ㅽ궢=1 寃??0 ?ㅽ뙣=0
[2026-04-09 15:00:04] DONE automation:batch
[2026-04-09 15:30:02] START automation:batch

> yohan-os@0.1.0 automation:batch
> tsx scripts/automation-batch.ts

[Yohan OS][batch] ?꾨즺: ?ㅼ틪=1 泥섎━=0 ?ㅽ궢=1 寃??0 ?ㅽ뙣=0
[2026-04-09 15:30:04] DONE automation:batch
[2026-04-09 16:00:02] START automation:batch

> yohan-os@0.1.0 automation:batch
> tsx scripts/automation-batch.ts

[Yohan OS][batch] ?꾨즺: ?ㅼ틪=1 泥섎━=0 ?ㅽ궢=1 寃??0 ?ㅽ뙣=0
[2026-04-09 16:00:04] DONE automation:batch
[2026-04-09 16:30:02] START automation:batch

> yohan-os@0.1.0 automation:batch
> tsx scripts/automation-batch.ts

[Yohan OS][batch] ?꾨즺: ?ㅼ틪=1 泥섎━=0 ?ㅽ궢=1 寃??0 ?ㅽ뙣=0
[2026-04-09 16:30:04] DONE automation:batch
[2026-04-09 17:00:02] START automation:batch

> yohan-os@0.1.0 automation:batch
> tsx scripts/automation-batch.ts

[Yohan OS][batch] ?꾨즺: ?ㅼ틪=1 泥섎━=0 ?ㅽ궢=1 寃??0 ?ㅽ뙣=0
[2026-04-09 17:00:04] DONE automation:batch
[2026-04-09 17:30:02] START automation:batch

> yohan-os@0.1.0 automation:batch
> tsx scripts/automation-batch.ts

[Yohan OS][batch] ?꾨즺: ?ㅼ틪=1 泥섎━=0 ?ㅽ궢=1 寃??0 ?ㅽ뙣=0
[2026-04-09 17:30:04] DONE automation:batch
[2026-04-09 18:00:02] START automation:batch

> yohan-os@0.1.0 automation:batch
> tsx scripts/automation-batch.ts

[Yohan OS][batch] ?꾨즺: ?ㅼ틪=1 泥섎━=0 ?ㅽ궢=1 寃??0 ?ㅽ뙣=0
[2026-04-09 18:00:05] DONE automation:batch
[2026-04-09 18:30:02] START automation:batch

> yohan-os@0.1.0 automation:batch
> tsx scripts/automation-batch.ts

[Yohan OS][batch] ?꾨즺: ?ㅼ틪=1 泥섎━=0 ?ㅽ궢=1 寃??0 ?ㅽ뙣=0
[2026-04-09 18:30:04] DONE automation:batch
[2026-04-09 19:00:02] START automation:batch

> yohan-os@0.1.0 automation:batch
> tsx scripts/automation-batch.ts

[Yohan OS][batch] ?꾨즺: ?ㅼ틪=1 泥섎━=0 ?ㅽ궢=1 寃??0 ?ㅽ뙣=0
[2026-04-09 19:00:04] DONE automation:batch
[2026-04-09 19:30:02] START automation:batch

> yohan-os@0.1.0 automation:batch
> tsx scripts/automation-batch.ts

[Yohan OS][batch] ?꾨즺: ?ㅼ틪=1 泥섎━=0 ?ㅽ궢=1 寃??0 ?ㅽ뙣=0
[2026-04-09 19:30:04] DONE automation:batch
[2026-04-09 20:00:02] START automation:batch

> yohan-os@0.1.0 automation:batch
> tsx scripts/automation-batch.ts

[Yohan OS][batch] ?꾨즺: ?ㅼ틪=1 泥섎━=0 ?ㅽ궢=1 寃??0 ?ㅽ뙣=0
[2026-04-09 20:00:04] DONE automation:batch
[2026-04-09 20:30:02] START automation:batch

> yohan-os@0.1.0 automation:batch
> tsx scripts/automation-batch.ts

[Yohan OS][batch] ?꾨즺: ?ㅼ틪=1 泥섎━=0 ?ㅽ궢=1 寃??0 ?ㅽ뙣=0
[2026-04-09 20:30:04] DONE automation:batch
[2026-04-09 21:00:02] START automation:batch

> yohan-os@0.1.0 automation:batch
> tsx scripts/automation-batch.ts

[Yohan OS][batch] ?꾨즺: ?ㅼ틪=0 泥섎━=0 ?ㅽ궢=0 寃??0 ?ㅽ뙣=0
[2026-04-09 21:00:04] DONE automation:batch
[2026-04-09 21:30:02] START automation:batch

> yohan-os@0.1.0 automation:batch
> tsx scripts/automation-batch.ts

[Yohan OS][batch] ?꾨즺: ?ㅼ틪=0 泥섎━=0 ?ㅽ궢=0 寃??0 ?ㅽ뙣=0
[2026-04-09 21:30:04] DONE automation:batch
[2026-04-09 22:00:02] START automation:batch

> yohan-os@0.1.0 automation:batch
> tsx scripts/automation-batch.ts

[Yohan OS][batch] ?꾨즺: ?ㅼ틪=0 泥섎━=0 ?ㅽ궢=0 寃??0 ?ㅽ뙣=0
[2026-04-09 22:00:04] DONE automation:batch
[2026-04-09 22:30:02] START automation:batch

> yohan-os@0.1.0 automation:batch
> tsx scripts/automation-batch.ts

[Yohan OS][batch] ?꾨즺: ?ㅼ틪=0 泥섎━=0 ?ㅽ궢=0 寃??0 ?ㅽ뙣=0
[2026-04-09 22:30:04] DONE automation:batch
[2026-04-09 23:00:02] START automation:batch

> yohan-os@0.1.0 automation:batch
> tsx scripts/automation-batch.ts

[Yohan OS][batch] ?꾨즺: ?ㅼ틪=0 泥섎━=0 ?ㅽ궢=0 寃??0 ?ㅽ뙣=0
[2026-04-09 23:00:05] DONE automation:batch
[2026-04-09 23:30:02] START automation:batch

> yohan-os@0.1.0 automation:batch
> tsx scripts/automation-batch.ts

[Yohan OS][batch] ?꾨즺: ?ㅼ틪=0 泥섎━=0 ?ㅽ궢=0 寃??0 ?ㅽ뙣=0
[2026-04-09 23:30:05] DONE automation:batch
[2026-04-10 00:00:02] START automation:batch

> yohan-os@0.1.0 automation:batch
> tsx scripts/automation-batch.ts

[Yohan OS][batch] ?꾨즺: ?ㅼ틪=0 泥섎━=0 ?ㅽ궢=0 寃??0 ?ㅽ뙣=0
[2026-04-10 00:00:04] DONE automation:batch
[2026-04-10 00:30:02] START automation:batch

> yohan-os@0.1.0 automation:batch
> tsx scripts/automation-batch.ts

[Yohan OS][batch] ?꾨즺: ?ㅼ틪=0 泥섎━=0 ?ㅽ궢=0 寃??0 ?ㅽ뙣=0
[2026-04-10 00:30:05] DONE automation:batch
[2026-04-10 01:00:02] START automation:batch

> yohan-os@0.1.0 automation:batch
> tsx scripts/automation-batch.ts

[Yohan OS][batch] ?꾨즺: ?ㅼ틪=0 泥섎━=0 ?ㅽ궢=0 寃??0 ?ㅽ뙣=0
[2026-04-10 01:00:04] DONE automation:batch
[2026-04-10 01:30:02] START automation:batch

> yohan-os@0.1.0 automation:batch
> tsx scripts/automation-batch.ts

[Yohan OS][batch] ?꾨즺: ?ㅼ틪=16 泥섎━=16 ?ㅽ궢=0 寃??0 ?ㅽ뙣=0
[2026-04-10 01:30:38] DONE automation:batch
[2026-04-10 02:00:02] START automation:batch

> yohan-os@0.1.0 automation:batch
> tsx scripts/automation-batch.ts

[Yohan OS][batch] ?꾨즺: ?ㅼ틪=16 泥섎━=0 ?ㅽ궢=16 寃??0 ?ㅽ뙣=0
[2026-04-10 02:00:04] DONE automation:batch
[2026-04-10 02:30:02] START automation:batch

> yohan-os@0.1.0 automation:batch
> tsx scripts/automation-batch.ts

[Yohan OS][batch] ?꾨즺: ?ㅼ틪=16 泥섎━=0 ?ㅽ궢=16 寃??0 ?ㅽ뙣=0
[2026-04-10 02:30:05] DONE automation:batch
[2026-04-10 08:23:30] START automation:batch

> yohan-os@0.1.0 automation:batch
> tsx scripts/automation-batch.ts

[Yohan OS][batch] ?꾨즺: ?ㅼ틪=16 泥섎━=0 ?ㅽ궢=16 寃??0 ?ㅽ뙣=0
[2026-04-10 08:23:33] DONE automation:batch
[2026-04-10 08:30:01] START automation:batch

> yohan-os@0.1.0 automation:batch
> tsx scripts/automation-batch.ts

[Yohan OS][batch] ?꾨즺: ?ㅼ틪=16 泥섎━=0 ?ㅽ궢=16 寃??0 ?ㅽ뙣=0
[2026-04-10 08:30:03] DONE automation:batch
[2026-04-10 09:00:01] START automation:batch

> yohan-os@0.1.0 automation:batch
> tsx scripts/automation-batch.ts

[Yohan OS][batch] ?꾨즺: ?ㅼ틪=16 泥섎━=0 ?ㅽ궢=16 寃??0 ?ㅽ뙣=0
[2026-04-10 09:00:03] DONE automation:batch
[2026-04-10 09:30:01] START automation:batch

> yohan-os@0.1.0 automation:batch
> tsx scripts/automation-batch.ts

[Yohan OS][batch] ?꾨즺: ?ㅼ틪=16 泥섎━=0 ?ㅽ궢=16 寃??0 ?ㅽ뙣=0
[2026-04-10 09:30:03] DONE automation:batch
[2026-04-10 10:00:01] START automation:batch

> yohan-os@0.1.0 automation:batch
> tsx scripts/automation-batch.ts

[Yohan OS][batch] ?꾨즺: ?ㅼ틪=16 泥섎━=0 ?ㅽ궢=16 寃??0 ?ㅽ뙣=0
[2026-04-10 10:00:03] DONE automation:batch
[2026-04-10 10:30:01] START automation:batch

> yohan-os@0.1.0 automation:batch
> tsx scripts/automation-batch.ts

[Yohan OS][batch] ?꾨즺: ?ㅼ틪=16 泥섎━=0 ?ㅽ궢=16 寃??0 ?ㅽ뙣=0
[2026-04-10 10:30:03] DONE automation:batch
[2026-04-10 11:00:01] START automation:batch

> yohan-os@0.1.0 automation:batch
> tsx scripts/automation-batch.ts

[Yohan OS][batch] ?꾨즺: ?ㅼ틪=16 泥섎━=0 ?ㅽ궢=16 寃??0 ?ㅽ뙣=0
[2026-04-10 11:00:04] DONE automation:batch
[2026-04-10 11:30:01] START automation:batch

> yohan-os@0.1.0 automation:batch
> tsx scripts/automation-batch.ts

[Yohan OS][batch] ?꾨즺: ?ㅼ틪=16 泥섎━=0 ?ㅽ궢=16 寃??0 ?ㅽ뙣=0
[2026-04-10 11:30:03] DONE automation:batch
[2026-04-10 12:00:01] START automation:batch

> yohan-os@0.1.0 automation:batch
> tsx scripts/automation-batch.ts

[Yohan OS][batch] ?꾨즺: ?ㅼ틪=16 泥섎━=0 ?ㅽ궢=16 寃??0 ?ㅽ뙣=0
[2026-04-10 12:00:03] DONE automation:batch
[2026-04-10 12:30:01] START automation:batch

> yohan-os@0.1.0 automation:batch
> tsx scripts/automation-batch.ts

[Yohan OS][batch] ?꾨즺: ?ㅼ틪=16 泥섎━=0 ?ㅽ궢=16 寃??0 ?ㅽ뙣=0
[2026-04-10 12:30:03] DONE automation:batch
[2026-04-10 13:00:01] START automation:batch

> yohan-os@0.1.0 automation:batch
> tsx scripts/automation-batch.ts

[Yohan OS][batch] ?꾨즺: ?ㅼ틪=16 泥섎━=0 ?ㅽ궢=16 寃??0 ?ㅽ뙣=0
[2026-04-10 13:00:03] DONE automation:batch
[2026-04-10 13:30:01] START automation:batch

> yohan-os@0.1.0 automation:batch
> tsx scripts/automation-batch.ts

[Yohan OS][batch] ?꾨즺: ?ㅼ틪=16 泥섎━=0 ?ㅽ궢=16 寃??0 ?ㅽ뙣=0
[2026-04-10 13:30:03] DONE automation:batch
[2026-04-10 14:00:01] START automation:batch

> yohan-os@0.1.0 automation:batch
> tsx scripts/automation-batch.ts

[Yohan OS][batch] ?꾨즺: ?ㅼ틪=16 泥섎━=0 ?ㅽ궢=16 寃??0 ?ㅽ뙣=0
[2026-04-10 14:00:03] DONE automation:batch
[2026-04-10 14:30:01] START automation:batch

> yohan-os@0.1.0 automation:batch
> tsx scripts/automation-batch.ts

[Yohan OS][batch] ?꾨즺: ?ㅼ틪=16 泥섎━=0 ?ㅽ궢=16 寃??0 ?ㅽ뙣=0
[2026-04-10 14:30:04] DONE automation:batch
[2026-04-10 15:00:01] START automation:batch

> yohan-os@0.1.0 automation:batch
> tsx scripts/automation-batch.ts

[Yohan OS][batch] ?꾨즺: ?ㅼ틪=16 泥섎━=0 ?ㅽ궢=16 寃??0 ?ㅽ뙣=0
[2026-04-10 15:00:03] DONE automation:batch
[2026-04-10 15:30:01] START automation:batch

> yohan-os@0.1.0 automation:batch
> tsx scripts/automation-batch.ts

[Yohan OS][batch] ?꾨즺: ?ㅼ틪=16 泥섎━=0 ?ㅽ궢=16 寃??0 ?ㅽ뙣=0
[2026-04-10 15:30:03] DONE automation:batch
[2026-04-10 16:00:01] START automation:batch

> yohan-os@0.1.0 automation:batch
> tsx scripts/automation-batch.ts

[Yohan OS][batch] ?꾨즺: ?ㅼ틪=16 泥섎━=0 ?ㅽ궢=16 寃??0 ?ㅽ뙣=0
[2026-04-10 16:00:03] DONE automation:batch
[2026-04-10 16:30:01] START automation:batch

> yohan-os@0.1.0 automation:batch
> tsx scripts/automation-batch.ts

[Yohan OS][batch] ?꾨즺: ?ㅼ틪=16 泥섎━=0 ?ㅽ궢=16 寃??0 ?ㅽ뙣=0
[2026-04-10 16:30:03] DONE automation:batch
[2026-04-10 17:00:01] START automation:batch

> yohan-os@0.1.0 automation:batch
> tsx scripts/automation-batch.ts

[Yohan OS][batch] ?꾨즺: ?ㅼ틪=16 泥섎━=0 ?ㅽ궢=16 寃??0 ?ㅽ뙣=0
[2026-04-10 17:00:03] DONE automation:batch
[2026-04-10 17:30:01] START automation:batch

> yohan-os@0.1.0 automation:batch
> tsx scripts/automation-batch.ts

[Yohan OS][batch] ?꾨즺: ?ㅼ틪=16 泥섎━=0 ?ㅽ궢=16 寃??0 ?ㅽ뙣=0
[2026-04-10 17:30:03] DONE automation:batch
[2026-04-10 18:00:01] START automation:batch

> yohan-os@0.1.0 automation:batch
> tsx scripts/automation-batch.ts

[Yohan OS][batch] ?꾨즺: ?ㅼ틪=16 泥섎━=0 ?ㅽ궢=16 寃??0 ?ㅽ뙣=0
[2026-04-10 18:00:03] DONE automation:batch
[2026-04-10 18:30:01] START automation:batch

> yohan-os@0.1.0 automation:batch
> tsx scripts/automation-batch.ts

[Yohan OS][batch] ?꾨즺: ?ㅼ틪=16 泥섎━=0 ?ㅽ궢=16 寃??0 ?ㅽ뙣=0
[2026-04-10 18:30:03] DONE automation:batch
[2026-04-10 19:00:01] START automation:batch

> yohan-os@0.1.0 automation:batch
> tsx scripts/automation-batch.ts

[Yohan OS][batch] ?꾨즺: ?ㅼ틪=16 泥섎━=0 ?ㅽ궢=16 寃??0 ?ㅽ뙣=0
[2026-04-10 19:00:03] DONE automation:batch
[2026-04-10 19:30:02] START automation:batch

> yohan-os@0.1.0 automation:batch
> tsx scripts/automation-batch.ts

[Yohan OS][batch] ?꾨즺: ?ㅼ틪=16 泥섎━=0 ?ㅽ궢=16 寃??0 ?ㅽ뙣=0
[2026-04-10 19:30:04] DONE automation:batch
[2026-04-10 20:00:02] START automation:batch

> yohan-os@0.1.0 automation:batch
> tsx scripts/automation-batch.ts

[Yohan OS][batch] ?꾨즺: ?ㅼ틪=16 泥섎━=0 ?ㅽ궢=16 寃??0 ?ㅽ뙣=0
[2026-04-10 20:00:04] DONE automation:batch
[2026-04-10 20:30:02] START automation:batch

> yohan-os@0.1.0 automation:batch
> tsx scripts/automation-batch.ts

[Yohan OS][batch] ?꾨즺: ?ㅼ틪=16 泥섎━=0 ?ㅽ궢=16 寃??0 ?ㅽ뙣=0
[2026-04-10 20:30:04] DONE automation:batch
[2026-04-10 21:00:02] START automation:batch

> yohan-os@0.1.0 automation:batch
> tsx scripts/automation-batch.ts

[Yohan OS][batch] ?꾨즺: ?ㅼ틪=16 泥섎━=0 ?ㅽ궢=16 寃??0 ?ㅽ뙣=0
[2026-04-10 21:00:04] DONE automation:batch
[2026-04-10 21:30:02] START automation:batch

> yohan-os@0.1.0 automation:batch
> tsx scripts/automation-batch.ts

[Yohan OS][batch] ?꾨즺: ?ㅼ틪=16 泥섎━=0 ?ㅽ궢=16 寃??0 ?ㅽ뙣=0
[2026-04-10 21:30:04] DONE automation:batch
[2026-04-10 22:00:02] START automation:batch

> yohan-os@0.1.0 automation:batch
> tsx scripts/automation-batch.ts

[Yohan OS][batch] ?꾨즺: ?ㅼ틪=16 泥섎━=0 ?ㅽ궢=16 寃??0 ?ㅽ뙣=0
[2026-04-10 22:00:04] DONE automation:batch
[2026-04-10 22:30:02] START automation:batch

> yohan-os@0.1.0 automation:batch
> tsx scripts/automation-batch.ts

[Yohan OS][batch] ?꾨즺: ?ㅼ틪=16 泥섎━=0 ?ㅽ궢=16 寃??0 ?ㅽ뙣=0
[2026-04-10 22:30:04] DONE automation:batch
[2026-04-10 23:00:01] START automation:batch

> yohan-os@0.1.0 automation:batch
> tsx scripts/automation-batch.ts

[Yohan OS][batch] ?꾨즺: ?ㅼ틪=16 泥섎━=0 ?ㅽ궢=16 寃??0 ?ㅽ뙣=0
[2026-04-10 23:00:06] DONE automation:batch
[2026-04-10 23:30:02] START automation:batch

> yohan-os@0.1.0 automation:batch
> tsx scripts/automation-batch.ts

[Yohan OS][batch] ?꾨즺: ?ㅼ틪=16 泥섎━=0 ?ㅽ궢=16 寃??0 ?ㅽ뙣=0
[2026-04-10 23:30:05] DONE automation:batch
[2026-04-11 00:00:01] START automation:batch

> yohan-os@0.1.0 automation:batch
> tsx scripts/automation-batch.ts

[Yohan OS][batch] ?꾨즺: ?ㅼ틪=16 泥섎━=0 ?ㅽ궢=16 寃??0 ?ㅽ뙣=0
[2026-04-11 00:00:04] DONE automation:batch
[2026-04-11 00:30:01] START automation:batch

> yohan-os@0.1.0 automation:batch
> tsx scripts/automation-batch.ts

[Yohan OS][batch] ?꾨즺: ?ㅼ틪=16 泥섎━=0 ?ㅽ궢=16 寃??0 ?ㅽ뙣=0
[2026-04-11 00:30:04] DONE automation:batch
[2026-04-11 01:00:01] START automation:batch

> yohan-os@0.1.0 automation:batch
> tsx scripts/automation-batch.ts

[Yohan OS][batch] ?꾨즺: ?ㅼ틪=16 泥섎━=0 ?ㅽ궢=16 寃??0 ?ㅽ뙣=0
[2026-04-11 01:00:04] DONE automation:batch
[2026-04-11 01:30:01] START automation:batch

> yohan-os@0.1.0 automation:batch
> tsx scripts/automation-batch.ts

[Yohan OS][batch] ?꾨즺: ?ㅼ틪=16 泥섎━=0 ?ㅽ궢=16 寃??0 ?ㅽ뙣=0
[2026-04-11 01:30:04] DONE automation:batch
[2026-04-11 11:56:21] START automation:batch

> yohan-os@0.1.0 automation:batch
> tsx scripts/automation-batch.ts

[Yohan OS][batch] ?꾨즺: ?ㅼ틪=16 泥섎━=0 ?ㅽ궢=16 寃??0 ?ㅽ뙣=0
[2026-04-11 11:56:24] DONE automation:batch
[2026-04-11 12:00:01] START automation:batch

> yohan-os@0.1.0 automation:batch
> tsx scripts/automation-batch.ts

[Yohan OS][batch] ?꾨즺: ?ㅼ틪=16 泥섎━=0 ?ㅽ궢=16 寃??0 ?ㅽ뙣=0
[2026-04-11 12:00:04] DONE automation:batch
[2026-04-11 12:30:02] START automation:batch

> yohan-os@0.1.0 automation:batch
> tsx scripts/automation-batch.ts

[Yohan OS][batch] ?꾨즺: ?ㅼ틪=16 泥섎━=0 ?ㅽ궢=16 寃??0 ?ㅽ뙣=0
[2026-04-11 12:30:04] DONE automation:batch
[2026-04-11 13:00:01] START automation:batch

> yohan-os@0.1.0 automation:batch
> tsx scripts/automation-batch.ts

[Yohan OS][batch] ?꾨즺: ?ㅼ틪=16 泥섎━=0 ?ㅽ궢=16 寃??0 ?ㅽ뙣=0
[2026-04-11 13:00:04] DONE automation:batch
[2026-04-11 13:30:01] START automation:batch

> yohan-os@0.1.0 automation:batch
> tsx scripts/automation-batch.ts

[Yohan OS][batch] ?꾨즺: ?ㅼ틪=16 泥섎━=0 ?ㅽ궢=16 寃??0 ?ㅽ뙣=0
[2026-04-11 13:30:04] DONE automation:batch
[2026-04-11 14:00:02] START automation:batch

> yohan-os@0.1.0 automation:batch
> tsx scripts/automation-batch.ts

[Yohan OS][batch] ?꾨즺: ?ㅼ틪=16 泥섎━=0 ?ㅽ궢=16 寃??0 ?ㅽ뙣=0
[2026-04-11 14:00:04] DONE automation:batch
[2026-04-11 14:30:01] START automation:batch

> yohan-os@0.1.0 automation:batch
> tsx scripts/automation-batch.ts

[Yohan OS][batch] ?꾨즺: ?ㅼ틪=16 泥섎━=0 ?ㅽ궢=16 寃??0 ?ㅽ뙣=0
[2026-04-11 14:30:04] DONE automation:batch
[2026-04-11 15:00:01] START automation:batch

> yohan-os@0.1.0 automation:batch
> tsx scripts/automation-batch.ts

[Yohan OS][batch] ?꾨즺: ?ㅼ틪=16 泥섎━=0 ?ㅽ궢=16 寃??0 ?ㅽ뙣=0
[2026-04-11 15:00:04] DONE automation:batch
[2026-04-11 15:30:01] START automation:batch

> yohan-os@0.1.0 automation:batch
> tsx scripts/automation-batch.ts

[Yohan OS][batch] ?꾨즺: ?ㅼ틪=16 泥섎━=0 ?ㅽ궢=16 寃??0 ?ㅽ뙣=0
[2026-04-11 15:30:04] DONE automation:batch
[2026-04-11 16:00:01] START automation:batch

> yohan-os@0.1.0 automation:batch
> tsx scripts/automation-batch.ts

[Yohan OS][batch] ?꾨즺: ?ㅼ틪=16 泥섎━=0 ?ㅽ궢=16 寃??0 ?ㅽ뙣=0
[2026-04-11 16:00:04] DONE automation:batch
[2026-04-11 16:30:01] START automation:batch

> yohan-os@0.1.0 automation:batch
> tsx scripts/automation-batch.ts

[Yohan OS][batch] ?꾨즺: ?ㅼ틪=16 泥섎━=0 ?ㅽ궢=16 寃??0 ?ㅽ뙣=0
[2026-04-11 16:30:04] DONE automation:batch
[2026-04-11 17:00:01] START automation:batch

> yohan-os@0.1.0 automation:batch
> tsx scripts/automation-batch.ts

[Yohan OS][batch] ?꾨즺: ?ㅼ틪=16 泥섎━=0 ?ㅽ궢=16 寃??0 ?ㅽ뙣=0
[2026-04-11 17:00:04] DONE automation:batch
[2026-04-11 17:30:01] START automation:batch

> yohan-os@0.1.0 automation:batch
> tsx scripts/automation-batch.ts

[Yohan OS][batch] ?꾨즺: ?ㅼ틪=16 泥섎━=0 ?ㅽ궢=16 寃??0 ?ㅽ뙣=0
[2026-04-11 17:30:04] DONE automation:batch
[2026-04-11 18:00:01] START automation:batch

> yohan-os@0.1.0 automation:batch
> tsx scripts/automation-batch.ts

[Yohan OS][batch] ?꾨즺: ?ㅼ틪=16 泥섎━=0 ?ㅽ궢=16 寃??0 ?ㅽ뙣=0
[2026-04-11 18:00:04] DONE automation:batch
[2026-04-11 18:30:01] START automation:batch

> yohan-os@0.1.0 automation:batch
> tsx scripts/automation-batch.ts

[Yohan OS][batch] ?꾨즺: ?ㅼ틪=16 泥섎━=0 ?ㅽ궢=16 寃??0 ?ㅽ뙣=0
[2026-04-11 18:30:04] DONE automation:batch
[2026-04-11 19:00:01] START automation:batch

> yohan-os@0.1.0 automation:batch
> tsx scripts/automation-batch.ts

[Yohan OS][batch] ?꾨즺: ?ㅼ틪=16 泥섎━=0 ?ㅽ궢=16 寃??0 ?ㅽ뙣=0
[2026-04-11 19:00:04] DONE automation:batch
[2026-04-11 19:30:01] START automation:batch

> yohan-os@0.1.0 automation:batch
> tsx scripts/automation-batch.ts

[Yohan OS][batch] ?꾨즺: ?ㅼ틪=16 泥섎━=0 ?ㅽ궢=16 寃??0 ?ㅽ뙣=0
[2026-04-11 19:30:04] DONE automation:batch
[2026-04-11 20:00:01] START automation:batch

> yohan-os@0.1.0 automation:batch
> tsx scripts/automation-batch.ts

[Yohan OS][batch] ?꾨즺: ?ㅼ틪=16 泥섎━=0 ?ㅽ궢=16 寃??0 ?ㅽ뙣=0
[2026-04-11 20:00:04] DONE automation:batch
[2026-04-11 20:30:01] START automation:batch

> yohan-os@0.1.0 automation:batch
> tsx scripts/automation-batch.ts

[Yohan OS][batch] ?꾨즺: ?ㅼ틪=16 泥섎━=0 ?ㅽ궢=16 寃??0 ?ㅽ뙣=0
[2026-04-11 20:30:04] DONE automation:batch
[2026-04-11 21:00:01] START automation:batch

> yohan-os@0.1.0 automation:batch
> tsx scripts/automation-batch.ts

[Yohan OS][batch] ?꾨즺: ?ㅼ틪=16 泥섎━=0 ?ㅽ궢=16 寃??0 ?ㅽ뙣=0
[2026-04-11 21:00:05] DONE automation:batch
[2026-04-11 21:30:01] START automation:batch

> yohan-os@0.1.0 automation:batch
> tsx scripts/automation-batch.ts

[Yohan OS][batch] ?꾨즺: ?ㅼ틪=16 泥섎━=0 ?ㅽ궢=16 寃??0 ?ㅽ뙣=0
[2026-04-11 21:30:04] DONE automation:batch
[2026-04-12 01:15:38] START automation:batch

> yohan-os@0.1.0 automation:batch
> tsx scripts/automation-batch.ts

[Yohan OS][batch] ?꾨즺: ?ㅼ틪=1 泥섎━=0 ?ㅽ궢=1 寃??0 ?ㅽ뙣=0
[2026-04-12 01:15:41] DONE automation:batch
[2026-04-12 01:30:02] START automation:batch

> yohan-os@0.1.0 automation:batch
> tsx scripts/automation-batch.ts

[Yohan OS][batch] ?꾨즺: ?ㅼ틪=1 泥섎━=0 ?ㅽ궢=1 寃??0 ?ㅽ뙣=0
[2026-04-12 01:30:04] DONE automation:batch
[2026-04-12 09:00:01] START automation:batch

> yohan-os@0.1.0 automation:batch
> tsx scripts/automation-batch.ts

[Yohan OS][batch] ?꾨즺: ?ㅼ틪=1 泥섎━=0 ?ㅽ궢=1 寃??0 ?ㅽ뙣=0
[2026-04-12 09:00:04] DONE automation:batch
[2026-04-12 09:00:35] START automation:batch

> yohan-os@0.1.0 automation:batch
> tsx scripts/automation-batch.ts

[Yohan OS][batch] ?꾨즺: ?ㅼ틪=1 泥섎━=0 ?ㅽ궢=1 寃??0 ?ㅽ뙣=0
[2026-04-12 09:00:38] DONE automation:batch
[2026-04-12 09:30:01] START automation:batch

> yohan-os@0.1.0 automation:batch
> tsx scripts/automation-batch.ts

[Yohan OS][batch] ?꾨즺: ?ㅼ틪=1 泥섎━=0 ?ㅽ궢=1 寃??0 ?ㅽ뙣=0
[2026-04-12 09:30:03] DONE automation:batch
[2026-04-12 10:00:01] START automation:batch

> yohan-os@0.1.0 automation:batch
> tsx scripts/automation-batch.ts

[Yohan OS][batch] ?꾨즺: ?ㅼ틪=1 泥섎━=0 ?ㅽ궢=1 寃??0 ?ㅽ뙣=0
[2026-04-12 10:00:03] DONE automation:batch
[2026-04-12 10:30:01] START automation:batch

> yohan-os@0.1.0 automation:batch
> tsx scripts/automation-batch.ts

[Yohan OS][batch] ?꾨즺: ?ㅼ틪=1 泥섎━=0 ?ㅽ궢=1 寃??0 ?ㅽ뙣=0
[2026-04-12 10:30:03] DONE automation:batch
[2026-04-12 11:00:01] START automation:batch

> yohan-os@0.1.0 automation:batch
> tsx scripts/automation-batch.ts

[Yohan OS][batch] ?꾨즺: ?ㅼ틪=1 泥섎━=0 ?ㅽ궢=1 寃??0 ?ㅽ뙣=0
[2026-04-12 11:00:03] DONE automation:batch
[2026-04-12 11:30:01] START automation:batch

> yohan-os@0.1.0 automation:batch
> tsx scripts/automation-batch.ts

[Yohan OS][batch] ?꾨즺: ?ㅼ틪=1 泥섎━=0 ?ㅽ궢=1 寃??0 ?ㅽ뙣=0
[2026-04-12 11:30:03] DONE automation:batch
[2026-04-12 12:00:01] START automation:batch

> yohan-os@0.1.0 automation:batch
> tsx scripts/automation-batch.ts

[Yohan OS][batch] ?꾨즺: ?ㅼ틪=1 泥섎━=0 ?ㅽ궢=1 寃??0 ?ㅽ뙣=0
[2026-04-12 12:00:04] DONE automation:batch
[2026-04-12 12:30:01] START automation:batch

> yohan-os@0.1.0 automation:batch
> tsx scripts/automation-batch.ts

[Yohan OS][batch] ?꾨즺: ?ㅼ틪=1 泥섎━=0 ?ㅽ궢=1 寃??0 ?ㅽ뙣=0
[2026-04-12 12:30:04] DONE automation:batch
[2026-04-12 13:00:01] START automation:batch

> yohan-os@0.1.0 automation:batch
> tsx scripts/automation-batch.ts

[Yohan OS][batch] ?꾨즺: ?ㅼ틪=1 泥섎━=0 ?ㅽ궢=1 寃??0 ?ㅽ뙣=0
[2026-04-12 13:00:04] DONE automation:batch
[2026-04-12 13:30:02] START automation:batch

> yohan-os@0.1.0 automation:batch
> tsx scripts/automation-batch.ts

[Yohan OS][batch] ?꾨즺: ?ㅼ틪=1 泥섎━=0 ?ㅽ궢=1 寃??0 ?ㅽ뙣=0
[2026-04-12 13:30:04] DONE automation:batch
[2026-04-12 14:00:01] START automation:batch

> yohan-os@0.1.0 automation:batch
> tsx scripts/automation-batch.ts

[Yohan OS][batch] ?꾨즺: ?ㅼ틪=1 泥섎━=0 ?ㅽ궢=1 寃??0 ?ㅽ뙣=0
[2026-04-12 14:00:04] DONE automation:batch
[2026-04-12 14:30:01] START automation:batch

> yohan-os@0.1.0 automation:batch
> tsx scripts/automation-batch.ts

[Yohan OS][batch] ?꾨즺: ?ㅼ틪=1 泥섎━=0 ?ㅽ궢=1 寃??0 ?ㅽ뙣=0
[2026-04-12 14:30:04] DONE automation:batch
[2026-04-12 15:00:01] START automation:batch

> yohan-os@0.1.0 automation:batch
> tsx scripts/automation-batch.ts

[Yohan OS][batch] ?꾨즺: ?ㅼ틪=1 泥섎━=0 ?ㅽ궢=1 寃??0 ?ㅽ뙣=0
[2026-04-12 15:00:04] DONE automation:batch
[2026-04-12 15:30:01] START automation:batch

> yohan-os@0.1.0 automation:batch
> tsx scripts/automation-batch.ts

[Yohan OS][batch] ?꾨즺: ?ㅼ틪=1 泥섎━=0 ?ㅽ궢=1 寃??0 ?ㅽ뙣=0
[2026-04-12 15:30:04] DONE automation:batch
[2026-04-12 16:00:01] START automation:batch

> yohan-os@0.1.0 automation:batch
> tsx scripts/automation-batch.ts

[Yohan OS][batch] ?꾨즺: ?ㅼ틪=1 泥섎━=0 ?ㅽ궢=1 寃??0 ?ㅽ뙣=0
[2026-04-12 16:00:04] DONE automation:batch
[2026-04-12 16:30:01] START automation:batch

> yohan-os@0.1.0 automation:batch
> tsx scripts/automation-batch.ts

[Yohan OS][batch] ?꾨즺: ?ㅼ틪=1 泥섎━=0 ?ㅽ궢=1 寃??0 ?ㅽ뙣=0
[2026-04-12 16:30:04] DONE automation:batch
[2026-04-12 17:00:01] START automation:batch

> yohan-os@0.1.0 automation:batch
> tsx scripts/automation-batch.ts

[Yohan OS][batch] ?꾨즺: ?ㅼ틪=1 泥섎━=0 ?ㅽ궢=1 寃??0 ?ㅽ뙣=0
[2026-04-12 17:00:04] DONE automation:batch
[2026-04-12 17:30:01] START automation:batch

> yohan-os@0.1.0 automation:batch
> tsx scripts/automation-batch.ts

[Yohan OS][batch] ?꾨즺: ?ㅼ틪=1 泥섎━=0 ?ㅽ궢=1 寃??0 ?ㅽ뙣=0
[2026-04-12 17:30:04] DONE automation:batch
[2026-04-12 18:00:01] START automation:batch

> yohan-os@0.1.0 automation:batch
> tsx scripts/automation-batch.ts

[Yohan OS][batch] ?꾨즺: ?ㅼ틪=1 泥섎━=0 ?ㅽ궢=1 寃??0 ?ㅽ뙣=0
[2026-04-12 18:00:04] DONE automation:batch
[2026-04-12 18:30:01] START automation:batch

> yohan-os@0.1.0 automation:batch
> tsx scripts/automation-batch.ts

[Yohan OS][batch] ?꾨즺: ?ㅼ틪=1 泥섎━=0 ?ㅽ궢=1 寃??0 ?ㅽ뙣=0
[2026-04-12 18:30:04] DONE automation:batch
[2026-04-12 19:00:01] START automation:batch

> yohan-os@0.1.0 automation:batch
> tsx scripts/automation-batch.ts

[Yohan OS][batch] ?꾨즺: ?ㅼ틪=1 泥섎━=0 ?ㅽ궢=1 寃??0 ?ㅽ뙣=0
[2026-04-12 19:00:04] DONE automation:batch
[2026-04-12 19:30:01] START automation:batch

> yohan-os@0.1.0 automation:batch
> tsx scripts/automation-batch.ts

[Yohan OS][batch] ?꾨즺: ?ㅼ틪=1 泥섎━=0 ?ㅽ궢=1 寃??0 ?ㅽ뙣=0
[2026-04-12 19:30:04] DONE automation:batch
[2026-04-12 20:00:02] START automation:batch

> yohan-os@0.1.0 automation:batch
> tsx scripts/automation-batch.ts

[Yohan OS][batch] ?꾨즺: ?ㅼ틪=1 泥섎━=0 ?ㅽ궢=1 寃??0 ?ㅽ뙣=0
[2026-04-12 20:00:04] DONE automation:batch
[2026-04-12 20:30:01] START automation:batch

> yohan-os@0.1.0 automation:batch
> tsx scripts/automation-batch.ts

[Yohan OS][batch] ?꾨즺: ?ㅼ틪=1 泥섎━=0 ?ㅽ궢=1 寃??0 ?ㅽ뙣=0
[2026-04-12 20:30:04] DONE automation:batch
[2026-04-12 21:00:01] START automation:batch

> yohan-os@0.1.0 automation:batch
> tsx scripts/automation-batch.ts

[Yohan OS][batch] ?꾨즺: ?ㅼ틪=1 泥섎━=0 ?ㅽ궢=1 寃??0 ?ㅽ뙣=0
[2026-04-12 21:00:04] DONE automation:batch
[2026-04-12 21:30:01] START automation:batch

> yohan-os@0.1.0 automation:batch
> tsx scripts/automation-batch.ts

[Yohan OS][batch] ?꾨즺: ?ㅼ틪=1 泥섎━=0 ?ㅽ궢=1 寃??0 ?ㅽ뙣=0
[2026-04-12 21:30:04] DONE automation:batch
[2026-04-12 22:00:01] START automation:batch

> yohan-os@0.1.0 automation:batch
> tsx scripts/automation-batch.ts

[Yohan OS][batch] ?꾨즺: ?ㅼ틪=1 泥섎━=0 ?ㅽ궢=1 寃??0 ?ㅽ뙣=0
[2026-04-12 22:00:04] DONE automation:batch
[2026-04-12 22:30:01] START automation:batch

> yohan-os@0.1.0 automation:batch
> tsx scripts/automation-batch.ts

[Yohan OS][batch] ?꾨즺: ?ㅼ틪=1 泥섎━=0 ?ㅽ궢=1 寃??0 ?ㅽ뙣=0
[2026-04-12 22:30:04] DONE automation:batch
[2026-04-12 23:00:01] START automation:batch

> yohan-os@0.1.0 automation:batch
> tsx scripts/automation-batch.ts

[Yohan OS][batch] ?꾨즺: ?ㅼ틪=1 泥섎━=0 ?ㅽ궢=1 寃??0 ?ㅽ뙣=0
[2026-04-12 23:00:04] DONE automation:batch
[2026-04-12 23:30:01] START automation:batch

> yohan-os@0.1.0 automation:batch
> tsx scripts/automation-batch.ts

[Yohan OS][batch] ?꾨즺: ?ㅼ틪=1 泥섎━=0 ?ㅽ궢=1 寃??0 ?ㅽ뙣=0
[2026-04-12 23:30:04] DONE automation:batch
[2026-04-13 00:00:01] START automation:batch

> yohan-os@0.1.0 automation:batch
> tsx scripts/automation-batch.ts

[Yohan OS][batch] ?꾨즺: ?ㅼ틪=1 泥섎━=0 ?ㅽ궢=1 寃??0 ?ㅽ뙣=0
[2026-04-13 00:00:04] DONE automation:batch
[2026-04-13 00:30:01] START automation:batch

> yohan-os@0.1.0 automation:batch
> tsx scripts/automation-batch.ts

[Yohan OS][batch] ?꾨즺: ?ㅼ틪=1 泥섎━=0 ?ㅽ궢=1 寃??0 ?ㅽ뙣=0
[2026-04-13 00:30:04] DONE automation:batch
[2026-04-13 01:00:01] START automation:batch

> yohan-os@0.1.0 automation:batch
> tsx scripts/automation-batch.ts

[Yohan OS][batch] ?꾨즺: ?ㅼ틪=1 泥섎━=0 ?ㅽ궢=1 寃??0 ?ㅽ뙣=0
[2026-04-13 01:00:04] DONE automation:batch
[2026-04-13 01:30:01] START automation:batch

> yohan-os@0.1.0 automation:batch
> tsx scripts/automation-batch.ts

[Yohan OS][batch] ?꾨즺: ?ㅼ틪=1 泥섎━=0 ?ㅽ궢=1 寃??0 ?ㅽ뙣=0
[2026-04-13 01:30:04] DONE automation:batch
[2026-04-13 02:00:02] START automation:batch

> yohan-os@0.1.0 automation:batch
> tsx scripts/automation-batch.ts

[Yohan OS][batch] ?꾨즺: ?ㅼ틪=1 泥섎━=0 ?ㅽ궢=1 寃??0 ?ㅽ뙣=0
[2026-04-13 02:00:04] DONE automation:batch
[2026-04-13 08:22:55] START automation:batch

> yohan-os@0.1.0 automation:batch
> tsx scripts/automation-batch.ts

[Yohan OS][batch] ?꾨즺: ?ㅼ틪=1 泥섎━=0 ?ㅽ궢=1 寃??0 ?ㅽ뙣=0
[2026-04-13 08:22:59] DONE automation:batch
[2026-04-13 08:30:01] START automation:batch

> yohan-os@0.1.0 automation:batch
> tsx scripts/automation-batch.ts

[Yohan OS][batch] ?꾨즺: ?ㅼ틪=1 泥섎━=0 ?ㅽ궢=1 寃??0 ?ㅽ뙣=0
[2026-04-13 08:30:04] DONE automation:batch
[2026-04-13 09:00:01] START automation:batch

> yohan-os@0.1.0 automation:batch
> tsx scripts/automation-batch.ts

[Yohan OS][batch] ?꾨즺: ?ㅼ틪=1 泥섎━=0 ?ㅽ궢=1 寃??0 ?ㅽ뙣=0
[2026-04-13 09:00:03] DONE automation:batch
[2026-04-13 09:30:01] START automation:batch

> yohan-os@0.1.0 automation:batch
> tsx scripts/automation-batch.ts

[Yohan OS][batch] ?꾨즺: ?ㅼ틪=1 泥섎━=0 ?ㅽ궢=1 寃??0 ?ㅽ뙣=0
[2026-04-13 09:30:03] DONE automation:batch
[2026-04-13 10:00:01] START automation:batch

> yohan-os@0.1.0 automation:batch
> tsx scripts/automation-batch.ts

[Yohan OS][batch] ?꾨즺: ?ㅼ틪=1 泥섎━=0 ?ㅽ궢=1 寃??0 ?ㅽ뙣=0
[2026-04-13 10:00:03] DONE automation:batch
[2026-04-13 10:30:01] START automation:batch

> yohan-os@0.1.0 automation:batch
> tsx scripts/automation-batch.ts

[Yohan OS][batch] ?꾨즺: ?ㅼ틪=1 泥섎━=0 ?ㅽ궢=1 寃??0 ?ㅽ뙣=0
[2026-04-13 10:30:03] DONE automation:batch
[2026-04-13 11:00:01] START automation:batch

> yohan-os@0.1.0 automation:batch
> tsx scripts/automation-batch.ts

[Yohan OS][batch] ?꾨즺: ?ㅼ틪=1 泥섎━=0 ?ㅽ궢=1 寃??0 ?ㅽ뙣=0
[2026-04-13 11:00:03] DONE automation:batch
[2026-04-13 11:30:01] START automation:batch

> yohan-os@0.1.0 automation:batch
> tsx scripts/automation-batch.ts

[Yohan OS][batch] ?꾨즺: ?ㅼ틪=1 泥섎━=0 ?ㅽ궢=1 寃??0 ?ㅽ뙣=0
[2026-04-13 11:30:03] DONE automation:batch
[2026-04-13 12:00:01] START automation:batch

> yohan-os@0.1.0 automation:batch
> tsx scripts/automation-batch.ts

[Yohan OS][batch] ?꾨즺: ?ㅼ틪=1 泥섎━=0 ?ㅽ궢=1 寃??0 ?ㅽ뙣=0
[2026-04-13 12:00:04] DONE automation:batch
[2026-04-13 12:30:01] START automation:batch

> yohan-os@0.1.0 automation:batch
> tsx scripts/automation-batch.ts

[Yohan OS][batch] ?꾨즺: ?ㅼ틪=1 泥섎━=0 ?ㅽ궢=1 寃??0 ?ㅽ뙣=0
[2026-04-13 12:30:04] DONE automation:batch
[2026-04-13 13:00:01] START automation:batch

> yohan-os@0.1.0 automation:batch
> tsx scripts/automation-batch.ts

[Yohan OS][batch] ?꾨즺: ?ㅼ틪=1 泥섎━=0 ?ㅽ궢=1 寃??0 ?ㅽ뙣=0
[2026-04-13 13:00:04] DONE automation:batch
[2026-04-13 13:30:01] START automation:batch

> yohan-os@0.1.0 automation:batch
> tsx scripts/automation-batch.ts

[Yohan OS][batch] ?꾨즺: ?ㅼ틪=1 泥섎━=0 ?ㅽ궢=1 寃??0 ?ㅽ뙣=0
[2026-04-13 13:30:04] DONE automation:batch
[2026-04-13 14:00:01] START automation:batch

> yohan-os@0.1.0 automation:batch
> tsx scripts/automation-batch.ts

[Yohan OS][batch] ?꾨즺: ?ㅼ틪=1 泥섎━=0 ?ㅽ궢=1 寃??0 ?ㅽ뙣=0
[2026-04-13 14:00:04] DONE automation:batch
[2026-04-13 14:30:01] START automation:batch

> yohan-os@0.1.0 automation:batch
> tsx scripts/automation-batch.ts

[Yohan OS][batch] ?꾨즺: ?ㅼ틪=1 泥섎━=0 ?ㅽ궢=1 寃??0 ?ㅽ뙣=0
[2026-04-13 14:30:04] DONE automation:batch
[2026-04-13 15:00:02] START automation:batch

> yohan-os@0.1.0 automation:batch
> tsx scripts/automation-batch.ts

[Yohan OS][batch] ?꾨즺: ?ㅼ틪=1 泥섎━=0 ?ㅽ궢=1 寃??0 ?ㅽ뙣=0
[2026-04-13 15:00:04] DONE automation:batch
[2026-04-13 15:30:01] START automation:batch

> yohan-os@0.1.0 automation:batch
> tsx scripts/automation-batch.ts

[Yohan OS][batch] ?꾨즺: ?ㅼ틪=1 泥섎━=0 ?ㅽ궢=1 寃??0 ?ㅽ뙣=0
[2026-04-13 15:30:04] DONE automation:batch
[2026-04-13 16:00:01] START automation:batch

> yohan-os@0.1.0 automation:batch
> tsx scripts/automation-batch.ts

[Yohan OS][batch] ?꾨즺: ?ㅼ틪=1 泥섎━=0 ?ㅽ궢=1 寃??0 ?ㅽ뙣=0
[2026-04-13 16:00:04] DONE automation:batch
[2026-04-13 16:30:01] START automation:batch

> yohan-os@0.1.0 automation:batch
> tsx scripts/automation-batch.ts

[Yohan OS][batch] ?꾨즺: ?ㅼ틪=1 泥섎━=0 ?ㅽ궢=1 寃??0 ?ㅽ뙣=0
[2026-04-13 16:30:04] DONE automation:batch
[2026-04-13 17:00:01] START automation:batch

> yohan-os@0.1.0 automation:batch
> tsx scripts/automation-batch.ts

[Yohan OS][batch] ?꾨즺: ?ㅼ틪=1 泥섎━=0 ?ㅽ궢=1 寃??0 ?ㅽ뙣=0
[2026-04-13 17:00:04] DONE automation:batch
[2026-04-13 17:30:01] START automation:batch

> yohan-os@0.1.0 automation:batch
> tsx scripts/automation-batch.ts

[Yohan OS][batch] ?꾨즺: ?ㅼ틪=1 泥섎━=0 ?ㅽ궢=1 寃??0 ?ㅽ뙣=0
[2026-04-13 17:30:04] DONE automation:batch
[2026-04-13 18:00:01] START automation:batch

> yohan-os@0.1.0 automation:batch
> tsx scripts/automation-batch.ts

[Yohan OS][batch] ?꾨즺: ?ㅼ틪=1 泥섎━=0 ?ㅽ궢=1 寃??0 ?ㅽ뙣=0
[2026-04-13 18:00:04] DONE automation:batch
[2026-04-13 18:30:01] START automation:batch

> yohan-os@0.1.0 automation:batch
> tsx scripts/automation-batch.ts

[Yohan OS][batch] ?꾨즺: ?ㅼ틪=1 泥섎━=0 ?ㅽ궢=1 寃??0 ?ㅽ뙣=0
[2026-04-13 18:30:04] DONE automation:batch
[2026-04-13 19:00:01] START automation:batch

> yohan-os@0.1.0 automation:batch
> tsx scripts/automation-batch.ts

[Yohan OS][batch] ?꾨즺: ?ㅼ틪=1 泥섎━=0 ?ㅽ궢=1 寃??0 ?ㅽ뙣=0
[2026-04-13 19:00:04] DONE automation:batch
[2026-04-13 19:30:01] START automation:batch

> yohan-os@0.1.0 automation:batch
> tsx scripts/automation-batch.ts

[Yohan OS][batch] ?꾨즺: ?ㅼ틪=1 泥섎━=0 ?ㅽ궢=1 寃??0 ?ㅽ뙣=0
[2026-04-13 19:30:04] DONE automation:batch
[2026-04-13 20:00:01] START automation:batch

> yohan-os@0.1.0 automation:batch
> tsx scripts/automation-batch.ts

[Yohan OS][batch] ?꾨즺: ?ㅼ틪=1 泥섎━=0 ?ㅽ궢=1 寃??0 ?ㅽ뙣=0
[2026-04-13 20:00:04] DONE automation:batch
[2026-04-13 20:30:01] START automation:batch

> yohan-os@0.1.0 automation:batch
> tsx scripts/automation-batch.ts

[Yohan OS][batch] ?꾨즺: ?ㅼ틪=1 泥섎━=0 ?ㅽ궢=1 寃??0 ?ㅽ뙣=0
[2026-04-13 20:30:04] DONE automation:batch
[2026-04-13 21:00:01] START automation:batch

> yohan-os@0.1.0 automation:batch
> tsx scripts/automation-batch.ts

[Yohan OS][batch] ?꾨즺: ?ㅼ틪=1 泥섎━=0 ?ㅽ궢=1 寃??0 ?ㅽ뙣=0
[2026-04-13 21:00:04] DONE automation:batch
[2026-04-13 21:30:02] START automation:batch

> yohan-os@0.1.0 automation:batch
> tsx scripts/automation-batch.ts

[Yohan OS][batch] ?꾨즺: ?ㅼ틪=1 泥섎━=0 ?ㅽ궢=1 寃??0 ?ㅽ뙣=0
[2026-04-13 21:30:06] DONE automation:batch
[2026-04-13 22:00:02] START automation:batch

> yohan-os@0.1.0 automation:batch
> tsx scripts/automation-batch.ts

[Yohan OS][batch] ?꾨즺: ?ㅼ틪=1 泥섎━=0 ?ㅽ궢=1 寃??0 ?ㅽ뙣=0
[2026-04-13 22:00:05] DONE automation:batch
[2026-04-13 22:30:01] START automation:batch

> yohan-os@0.1.0 automation:batch
> tsx scripts/automation-batch.ts

[Yohan OS][batch] ?꾨즺: ?ㅼ틪=1 泥섎━=0 ?ㅽ궢=1 寃??0 ?ㅽ뙣=0
[2026-04-13 22:30:04] DONE automation:batch
[2026-04-13 23:00:02] START automation:batch

> yohan-os@0.1.0 automation:batch
> tsx scripts/automation-batch.ts

[Yohan OS][batch] ?꾨즺: ?ㅼ틪=1 泥섎━=0 ?ㅽ궢=1 寃??0 ?ㅽ뙣=0
[2026-04-13 23:00:04] DONE automation:batch
[2026-04-13 23:30:01] START automation:batch

> yohan-os@0.1.0 automation:batch
> tsx scripts/automation-batch.ts

[Yohan OS][batch] ?꾨즺: ?ㅼ틪=1 泥섎━=0 ?ㅽ궢=1 寃??0 ?ㅽ뙣=0
[2026-04-13 23:30:04] DONE automation:batch
[2026-04-14 00:00:01] START automation:batch

> yohan-os@0.1.0 automation:batch
> tsx scripts/automation-batch.ts

[Yohan OS][batch] ?꾨즺: ?ㅼ틪=1 泥섎━=0 ?ㅽ궢=1 寃??0 ?ㅽ뙣=0
[2026-04-14 00:00:04] DONE automation:batch
[2026-04-14 00:30:01] START automation:batch

> yohan-os@0.1.0 automation:batch
> tsx scripts/automation-batch.ts

[Yohan OS][batch] ?꾨즺: ?ㅼ틪=1 泥섎━=0 ?ㅽ궢=1 寃??0 ?ㅽ뙣=0
[2026-04-14 00:30:04] DONE automation:batch
[2026-04-14 01:00:01] START automation:batch

> yohan-os@0.1.0 automation:batch
> tsx scripts/automation-batch.ts

[Yohan OS][batch] ?꾨즺: ?ㅼ틪=1 泥섎━=0 ?ㅽ궢=1 寃??0 ?ㅽ뙣=0
[2026-04-14 01:00:04] DONE automation:batch
[2026-04-14 01:30:02] START automation:batch

> yohan-os@0.1.0 automation:batch
> tsx scripts/automation-batch.ts

[Yohan OS][batch] ?꾨즺: ?ㅼ틪=1 泥섎━=0 ?ㅽ궢=1 寃??0 ?ㅽ뙣=0
[2026-04-14 01:30:04] DONE automation:batch
